<?xml version="1.0" encoding="UTF-8"?>
<!-- Generated by org.testng.reporters.JUnitReportReporter -->
<testsuite hostname="YOGESH" failures="0" tests="1" name="selenium_jenkins.test1" time="0.011" errors="0" timestamp="15 Mar 2023 07:05:50 GMT" skipped="0">
  <testcase classname="selenium_jenkins.test1" name="test" time="0.011"/>
</testsuite> <!-- selenium_jenkins.test1 -->
