<?xml version="1.0" encoding="UTF-8"?>
<!-- Generated by org.testng.reporters.JUnitReportReporter -->
<testsuite skipped="0" hostname="YOGESH" name="selenium_jenkins.test1" tests="1" failures="0" timestamp="15 Mar 2023 08:17:20 GMT" time="0.016" errors="0">
  <testcase name="test" time="0.016" classname="selenium_jenkins.test1"/>
</testsuite> <!-- selenium_jenkins.test1 -->
